<?xml version="1.0" encoding="UTF-8" ?>
<testsuites>
 <testsuite name="index" timestamp="2016-10-10T22:52:40" hostname="localhost" time="0.003" errors="0" tests="1" skipped="0" disabled="0" failures="0">
  <testcase classname="index" name="should print applicant&apos;s credentials" time="0.002" />
 </testsuite>
 <testsuite name="file" timestamp="2016-10-10T22:52:40" hostname="localhost" time="0.006" errors="0" tests="7" skipped="0" disabled="0" failures="1">
  <testcase classname="file" name="should be able to get Comma separated file compnents" time="0.001" />
  <testcase classname="file" name="should be able to get pipe separated file compnents" time="0" />
  <testcase classname="file" name="should be able to get space separated file compnents" time="0.002">
   <failure type="toEqual" message="Expected &apos;Jackson&apos; to equal &apos;Jackson3&apos;."><![CDATA[Error: Expected 'Jackson' to equal 'Jackson3'.
    at stack (/home/philip/Documents/Projects/file-parser/node_modules/jasmine-core/lib/jasmine-core/jasmine.js:1640:17)
    at buildExpectationResult (/home/philip/Documents/Projects/file-parser/node_modules/jasmine-core/lib/jasmine-core/jasmine.js:1610:14)
    at Spec.Env.expectationResultFactory (/home/philip/Documents/Projects/file-parser/node_modules/jasmine-core/lib/jasmine-core/jasmine.js:655:18)
    at Spec.addExpectationResult (/home/philip/Documents/Projects/file-parser/node_modules/jasmine-core/lib/jasmine-core/jasmine.js:342:34)
    at Expectation.addExpectationResult (/home/philip/Documents/Projects/file-parser/node_modules/jasmine-core/lib/jasmine-core/jasmine.js:599:21)
    at Expectation.toEqual (/home/philip/Documents/Projects/file-parser/node_modules/jasmine-core/lib/jasmine-core/jasmine.js:1564:12)
    at Object.it (/home/philip/Documents/Projects/file-parser/spec/app/file.test.js:44:35)
    at attemptSync (/home/philip/Documents/Projects/file-parser/node_modules/jasmine-core/lib/jasmine-core/jasmine.js:1950:24)
    at QueueRunner.run (/home/philip/Documents/Projects/file-parser/node_modules/jasmine-core/lib/jasmine-core/jasmine.js:1938:9)
    at QueueRunner.execute (/home/philip/Documents/Projects/file-parser/node_modules/jasmine-core/lib/jasmine-core/jasmine.js:1923:10)]]>
   </failure>
  </testcase>
  <testcase classname="file" name="should sort by gender properly (females ascending, then last and ascending)" time="0.002" />
  <testcase classname="file" name="should sort by date of ascending" time="0" />
  <testcase classname="file" name="should sort by last name descending" time="0.001" />
  <testcase classname="file" name="should add" time="0" />
 </testsuite>
</testsuites>